<?xml version="1.0" encoding="UTF-8"?>
<!-- Generated by org.testng.reporters.JUnitReportReporter -->
<testsuite skipped="6" hostname="SPT-CPU-0300" name="com.atgadmin.qa.testcases.LoginPageTest" tests="7" failures="0" timestamp="05 Sep 2019 12:04:39 GMT" time="23.082" errors="0">
  <testcase name="updateAdminUserTest" time="23.082" classname="com.atgadmin.qa.testcases.LoginPageTest"/>
  <testcase name="CreateNewAffiliatesTest" classname="com.atgadmin.qa.testcases.LoginPageTest">
    <skipped/>
  </testcase> <!-- CreateNewAffiliatesTest -->
  <testcase name="addNewCustomerServiceUserTest" classname="com.atgadmin.qa.testcases.LoginPageTest">
    <skipped/>
  </testcase> <!-- addNewCustomerServiceUserTest -->
  <testcase name="manageProfileTest" classname="com.atgadmin.qa.testcases.LoginPageTest">
    <skipped/>
  </testcase> <!-- manageProfileTest -->
  <testcase name="loginPageTitleTest" classname="com.atgadmin.qa.testcases.LoginPageTest">
    <skipped/>
  </testcase> <!-- loginPageTitleTest -->
  <testcase name="loginTest" classname="com.atgadmin.qa.testcases.LoginPageTest">
    <skipped/>
  </testcase> <!-- loginTest -->
  <testcase name="addNewAdminUserTest" classname="com.atgadmin.qa.testcases.LoginPageTest">
    <skipped/>
  </testcase> <!-- addNewAdminUserTest -->
</testsuite> <!-- com.atgadmin.qa.testcases.LoginPageTest -->
